
> rest-express@1.0.0 dev
> concurrently "npm:dev:server" "npm:dev:client" "npm:dev:welcome"

[dev:server]
[dev:server] > rest-express@1.0.0 dev:server
[dev:server] > kill-port 5000 && cross-env NODE_ENV=development tsx server/index.ts
[dev:server]
[dev:client]
[dev:client] > rest-express@1.0.0 dev:client
[dev:client] > vite --config vite.client.config.ts
[dev:client]
[dev:welcome]
[dev:welcome] > rest-express@1.0.0 dev:welcome
[dev:welcome] > vite --config vite.welcome.config.ts
[dev:welcome]
[dev:server] Process on port 5000 killed
[dev:welcome]
[dev:welcome]   VITE v7.1.7  ready in 393 ms
[dev:welcome]
[dev:welcome]   ➜  Local:   http://localhost:3001/
[dev:welcome]   ➜  Network: use --host to expose
[dev:client]
[dev:client]   VITE v7.1.7  ready in 434 ms
[dev:client]
[dev:client]   ➜  Local:   http://localhost:5173/
[dev:client]   ➜  Network: use --host to expose
